<?xml version="1.0" encoding="UTF-8"?>
<testng-results ignored="0" total="1" passed="1" failed="0" skipped="0">
  <reporter-output>
  </reporter-output>
  <suite started-at="2023-02-18T19:59:27 IST" name="Test case suite e-commerce application" finished-at="2023-02-18T19:59:36 IST" duration-ms="9130">
    <groups>
    </groups>
    <test started-at="2023-02-18T19:59:27 IST" name="Test case execution on Chrome browser" finished-at="2023-02-18T19:59:36 IST" duration-ms="9130">
      <class name="QKART_TESTNG.QKART_Tests">
        <test-method is-config="true" signature="createDriver()[pri:0, instance:QKART_TESTNG.QKART_Tests@52307a77]" started-at="2023-02-18T19:59:25 IST" name="createDriver" finished-at="2023-02-18T19:59:27 IST" duration-ms="2068" status="PASS">
          <reporter-output>
          </reporter-output>
        </test-method> <!-- createDriver -->
        <test-method signature="TestCase01()[pri:0, instance:QKART_TESTNG.QKART_Tests@52307a77]" started-at="2023-02-18T19:59:27 IST" name="TestCase01" finished-at="2023-02-18T19:59:36 IST" duration-ms="9013" status="PASS">
          <reporter-output>
          </reporter-output>
        </test-method> <!-- TestCase01 -->
        <test-method is-config="true" signature="quitDriver()[pri:0, instance:QKART_TESTNG.QKART_Tests@52307a77]" started-at="2023-02-18T19:59:36 IST" name="quitDriver" finished-at="2023-02-18T19:59:36 IST" duration-ms="67" status="PASS">
          <reporter-output>
          </reporter-output>
        </test-method> <!-- quitDriver -->
      </class> <!-- QKART_TESTNG.QKART_Tests -->
    </test> <!-- Test case execution on Chrome browser -->
  </suite> <!-- Test case suite e-commerce application -->
</testng-results>
